# compute-mfcc-feats --verbose=2 --config=conf/mfcc.conf scp,p:exp_FG/make_mfcc/train/wav_train.2.scp ark:- | copy-feats --compress=true ark:- ark,scp:/home/shaheen/Desktop/kaldi/egs/hindi/Kaldi/mfcc/raw_mfcc_train.2.ark,/home/shaheen/Desktop/kaldi/egs/hindi/Kaldi/mfcc/raw_mfcc_train.2.scp 
# Started at Sun Aug 25 14:31:35 IST 2019
#
compute-mfcc-feats --verbose=2 --config=conf/mfcc.conf scp,p:exp_FG/make_mfcc/train/wav_train.2.scp ark:- 
copy-feats --compress=true ark:- ark,scp:/home/shaheen/Desktop/kaldi/egs/hindi/Kaldi/mfcc/raw_mfcc_train.2.ark,/home/shaheen/Desktop/kaldi/egs/hindi/Kaldi/mfcc/raw_mfcc_train.2.scp 
VLOG[2] (compute-mfcc-feats[5.5.453~1-6cdc49]:main():compute-mfcc-feats.cc:182) Processed features for key hi2501M0112
VLOG[2] (compute-mfcc-feats[5.5.453~1-6cdc49]:main():compute-mfcc-feats.cc:182) Processed features for key hi2501M0113
VLOG[2] (compute-mfcc-feats[5.5.453~1-6cdc49]:main():compute-mfcc-feats.cc:182) Processed features for key hi2501M0114
VLOG[2] (compute-mfcc-feats[5.5.453~1-6cdc49]:main():compute-mfcc-feats.cc:182) Processed features for key hi2501M0115
VLOG[2] (compute-mfcc-feats[5.5.453~1-6cdc49]:main():compute-mfcc-feats.cc:182) Processed features for key hi2501M0116
VLOG[2] (compute-mfcc-feats[5.5.453~1-6cdc49]:main():compute-mfcc-feats.cc:182) Processed features for key hi2501M0117
VLOG[2] (compute-mfcc-feats[5.5.453~1-6cdc49]:main():compute-mfcc-feats.cc:182) Processed features for key hi2501M0118
VLOG[2] (compute-mfcc-feats[5.5.453~1-6cdc49]:main():compute-mfcc-feats.cc:182) Processed features for key hi2501M0119
VLOG[2] (compute-mfcc-feats[5.5.453~1-6cdc49]:main():compute-mfcc-feats.cc:182) Processed features for key hi2501M0120
LOG (compute-mfcc-feats[5.5.453~1-6cdc49]:main():compute-mfcc-feats.cc:181) Processed 10 utterances
VLOG[2] (compute-mfcc-feats[5.5.453~1-6cdc49]:main():compute-mfcc-feats.cc:182) Processed features for key hi2501M0121
VLOG[2] (compute-mfcc-feats[5.5.453~1-6cdc49]:main():compute-mfcc-feats.cc:182) Processed features for key hi2501M0122
VLOG[2] (compute-mfcc-feats[5.5.453~1-6cdc49]:main():compute-mfcc-feats.cc:182) Processed features for key hi2501M0123
VLOG[2] (compute-mfcc-feats[5.5.453~1-6cdc49]:main():compute-mfcc-feats.cc:182) Processed features for key hi2501M0124
VLOG[2] (compute-mfcc-feats[5.5.453~1-6cdc49]:main():compute-mfcc-feats.cc:182) Processed features for key hi2501M0125
VLOG[2] (compute-mfcc-feats[5.5.453~1-6cdc49]:main():compute-mfcc-feats.cc:182) Processed features for key hi2501M0126
VLOG[2] (compute-mfcc-feats[5.5.453~1-6cdc49]:main():compute-mfcc-feats.cc:182) Processed features for key hi2501M0127
VLOG[2] (compute-mfcc-feats[5.5.453~1-6cdc49]:main():compute-mfcc-feats.cc:182) Processed features for key hi2501M0128
VLOG[2] (compute-mfcc-feats[5.5.453~1-6cdc49]:main():compute-mfcc-feats.cc:182) Processed features for key hi2501M0129
VLOG[2] (compute-mfcc-feats[5.5.453~1-6cdc49]:main():compute-mfcc-feats.cc:182) Processed features for key hi2501M0130
LOG (compute-mfcc-feats[5.5.453~1-6cdc49]:main():compute-mfcc-feats.cc:181) Processed 20 utterances
VLOG[2] (compute-mfcc-feats[5.5.453~1-6cdc49]:main():compute-mfcc-feats.cc:182) Processed features for key hi2501M0131
VLOG[2] (compute-mfcc-feats[5.5.453~1-6cdc49]:main():compute-mfcc-feats.cc:182) Processed features for key hi2501M0132
VLOG[2] (compute-mfcc-feats[5.5.453~1-6cdc49]:main():compute-mfcc-feats.cc:182) Processed features for key hi2501M0133
VLOG[2] (compute-mfcc-feats[5.5.453~1-6cdc49]:main():compute-mfcc-feats.cc:182) Processed features for key hi2501M0134
VLOG[2] (compute-mfcc-feats[5.5.453~1-6cdc49]:main():compute-mfcc-feats.cc:182) Processed features for key hi2501M0135
VLOG[2] (compute-mfcc-feats[5.5.453~1-6cdc49]:main():compute-mfcc-feats.cc:182) Processed features for key hi2501M0136
VLOG[2] (compute-mfcc-feats[5.5.453~1-6cdc49]:main():compute-mfcc-feats.cc:182) Processed features for key hi2501M0137
VLOG[2] (compute-mfcc-feats[5.5.453~1-6cdc49]:main():compute-mfcc-feats.cc:182) Processed features for key hi2501M0138
VLOG[2] (compute-mfcc-feats[5.5.453~1-6cdc49]:main():compute-mfcc-feats.cc:182) Processed features for key hi2501M0139
VLOG[2] (compute-mfcc-feats[5.5.453~1-6cdc49]:main():compute-mfcc-feats.cc:182) Processed features for key hi2501M0140
LOG (compute-mfcc-feats[5.5.453~1-6cdc49]:main():compute-mfcc-feats.cc:181) Processed 30 utterances
VLOG[2] (compute-mfcc-feats[5.5.453~1-6cdc49]:main():compute-mfcc-feats.cc:182) Processed features for key hi2501M0141
VLOG[2] (compute-mfcc-feats[5.5.453~1-6cdc49]:main():compute-mfcc-feats.cc:182) Processed features for key hi2501M0142
VLOG[2] (compute-mfcc-feats[5.5.453~1-6cdc49]:main():compute-mfcc-feats.cc:182) Processed features for key hi2501M0143
VLOG[2] (compute-mfcc-feats[5.5.453~1-6cdc49]:main():compute-mfcc-feats.cc:182) Processed features for key hi2501M0144
VLOG[2] (compute-mfcc-feats[5.5.453~1-6cdc49]:main():compute-mfcc-feats.cc:182) Processed features for key hi2501M0145
VLOG[2] (compute-mfcc-feats[5.5.453~1-6cdc49]:main():compute-mfcc-feats.cc:182) Processed features for key hi2501M0146
VLOG[2] (compute-mfcc-feats[5.5.453~1-6cdc49]:main():compute-mfcc-feats.cc:182) Processed features for key hi2501M0147
VLOG[2] (compute-mfcc-feats[5.5.453~1-6cdc49]:main():compute-mfcc-feats.cc:182) Processed features for key hi2501M0148
VLOG[2] (compute-mfcc-feats[5.5.453~1-6cdc49]:main():compute-mfcc-feats.cc:182) Processed features for key hi2501M0149
VLOG[2] (compute-mfcc-feats[5.5.453~1-6cdc49]:main():compute-mfcc-feats.cc:182) Processed features for key hi2501M0150
LOG (compute-mfcc-feats[5.5.453~1-6cdc49]:main():compute-mfcc-feats.cc:181) Processed 40 utterances
VLOG[2] (compute-mfcc-feats[5.5.453~1-6cdc49]:main():compute-mfcc-feats.cc:182) Processed features for key hi2502M0001
VLOG[2] (compute-mfcc-feats[5.5.453~1-6cdc49]:main():compute-mfcc-feats.cc:182) Processed features for key hi2502M0002
VLOG[2] (compute-mfcc-feats[5.5.453~1-6cdc49]:main():compute-mfcc-feats.cc:182) Processed features for key hi2502M0003
VLOG[2] (compute-mfcc-feats[5.5.453~1-6cdc49]:main():compute-mfcc-feats.cc:182) Processed features for key hi2502M0004
VLOG[2] (compute-mfcc-feats[5.5.453~1-6cdc49]:main():compute-mfcc-feats.cc:182) Processed features for key hi2502M0005
VLOG[2] (compute-mfcc-feats[5.5.453~1-6cdc49]:main():compute-mfcc-feats.cc:182) Processed features for key hi2502M0006
VLOG[2] (compute-mfcc-feats[5.5.453~1-6cdc49]:main():compute-mfcc-feats.cc:182) Processed features for key hi2502M0007
VLOG[2] (compute-mfcc-feats[5.5.453~1-6cdc49]:main():compute-mfcc-feats.cc:182) Processed features for key hi2502M0008
VLOG[2] (compute-mfcc-feats[5.5.453~1-6cdc49]:main():compute-mfcc-feats.cc:182) Processed features for key hi2502M0009
VLOG[2] (compute-mfcc-feats[5.5.453~1-6cdc49]:main():compute-mfcc-feats.cc:182) Processed features for key hi2502M0010
LOG (compute-mfcc-feats[5.5.453~1-6cdc49]:main():compute-mfcc-feats.cc:181) Processed 50 utterances
VLOG[2] (compute-mfcc-feats[5.5.453~1-6cdc49]:main():compute-mfcc-feats.cc:182) Processed features for key hi2502M0011
VLOG[2] (compute-mfcc-feats[5.5.453~1-6cdc49]:main():compute-mfcc-feats.cc:182) Processed features for key hi2502M0012
VLOG[2] (compute-mfcc-feats[5.5.453~1-6cdc49]:main():compute-mfcc-feats.cc:182) Processed features for key hi2502M0013
VLOG[2] (compute-mfcc-feats[5.5.453~1-6cdc49]:main():compute-mfcc-feats.cc:182) Processed features for key hi2502M0014
VLOG[2] (compute-mfcc-feats[5.5.453~1-6cdc49]:main():compute-mfcc-feats.cc:182) Processed features for key hi2502M0015
VLOG[2] (compute-mfcc-feats[5.5.453~1-6cdc49]:main():compute-mfcc-feats.cc:182) Processed features for key hi2502M0016
VLOG[2] (compute-mfcc-feats[5.5.453~1-6cdc49]:main():compute-mfcc-feats.cc:182) Processed features for key hi2502M0017
VLOG[2] (compute-mfcc-feats[5.5.453~1-6cdc49]:main():compute-mfcc-feats.cc:182) Processed features for key hi2502M0018
VLOG[2] (compute-mfcc-feats[5.5.453~1-6cdc49]:main():compute-mfcc-feats.cc:182) Processed features for key hi2502M0019
VLOG[2] (compute-mfcc-feats[5.5.453~1-6cdc49]:main():compute-mfcc-feats.cc:182) Processed features for key hi2502M0020
LOG (compute-mfcc-feats[5.5.453~1-6cdc49]:main():compute-mfcc-feats.cc:181) Processed 60 utterances
VLOG[2] (compute-mfcc-feats[5.5.453~1-6cdc49]:main():compute-mfcc-feats.cc:182) Processed features for key hi2502M0041
VLOG[2] (compute-mfcc-feats[5.5.453~1-6cdc49]:main():compute-mfcc-feats.cc:182) Processed features for key hi2502M0042
VLOG[2] (compute-mfcc-feats[5.5.453~1-6cdc49]:main():compute-mfcc-feats.cc:182) Processed features for key hi2502M0043
VLOG[2] (compute-mfcc-feats[5.5.453~1-6cdc49]:main():compute-mfcc-feats.cc:182) Processed features for key hi2502M0044
VLOG[2] (compute-mfcc-feats[5.5.453~1-6cdc49]:main():compute-mfcc-feats.cc:182) Processed features for key hi2502M0045
VLOG[2] (compute-mfcc-feats[5.5.453~1-6cdc49]:main():compute-mfcc-feats.cc:182) Processed features for key hi2502M0046
VLOG[2] (compute-mfcc-feats[5.5.453~1-6cdc49]:main():compute-mfcc-feats.cc:182) Processed features for key hi2502M0047
VLOG[2] (compute-mfcc-feats[5.5.453~1-6cdc49]:main():compute-mfcc-feats.cc:182) Processed features for key hi2502M0048
VLOG[2] (compute-mfcc-feats[5.5.453~1-6cdc49]:main():compute-mfcc-feats.cc:182) Processed features for key hi2502M0049
VLOG[2] (compute-mfcc-feats[5.5.453~1-6cdc49]:main():compute-mfcc-feats.cc:182) Processed features for key hi2502M0050
LOG (compute-mfcc-feats[5.5.453~1-6cdc49]:main():compute-mfcc-feats.cc:181) Processed 70 utterances
VLOG[2] (compute-mfcc-feats[5.5.453~1-6cdc49]:main():compute-mfcc-feats.cc:182) Processed features for key hi2502M0051
VLOG[2] (compute-mfcc-feats[5.5.453~1-6cdc49]:main():compute-mfcc-feats.cc:182) Processed features for key hi2502M0052
VLOG[2] (compute-mfcc-feats[5.5.453~1-6cdc49]:main():compute-mfcc-feats.cc:182) Processed features for key hi2502M0053
VLOG[2] (compute-mfcc-feats[5.5.453~1-6cdc49]:main():compute-mfcc-feats.cc:182) Processed features for key hi2502M0054
VLOG[2] (compute-mfcc-feats[5.5.453~1-6cdc49]:main():compute-mfcc-feats.cc:182) Processed features for key hi2502M0055
VLOG[2] (compute-mfcc-feats[5.5.453~1-6cdc49]:main():compute-mfcc-feats.cc:182) Processed features for key hi2502M0056
VLOG[2] (compute-mfcc-feats[5.5.453~1-6cdc49]:main():compute-mfcc-feats.cc:182) Processed features for key hi2502M0057
VLOG[2] (compute-mfcc-feats[5.5.453~1-6cdc49]:main():compute-mfcc-feats.cc:182) Processed features for key hi2502M0058
VLOG[2] (compute-mfcc-feats[5.5.453~1-6cdc49]:main():compute-mfcc-feats.cc:182) Processed features for key hi2502M0059
VLOG[2] (compute-mfcc-feats[5.5.453~1-6cdc49]:main():compute-mfcc-feats.cc:182) Processed features for key hi2502M0060
LOG (compute-mfcc-feats[5.5.453~1-6cdc49]:main():compute-mfcc-feats.cc:181) Processed 80 utterances
VLOG[2] (compute-mfcc-feats[5.5.453~1-6cdc49]:main():compute-mfcc-feats.cc:182) Processed features for key hi2502M0061
VLOG[2] (compute-mfcc-feats[5.5.453~1-6cdc49]:main():compute-mfcc-feats.cc:182) Processed features for key hi2502M0062
VLOG[2] (compute-mfcc-feats[5.5.453~1-6cdc49]:main():compute-mfcc-feats.cc:182) Processed features for key hi2502M0063
VLOG[2] (compute-mfcc-feats[5.5.453~1-6cdc49]:main():compute-mfcc-feats.cc:182) Processed features for key hi2502M0064
VLOG[2] (compute-mfcc-feats[5.5.453~1-6cdc49]:main():compute-mfcc-feats.cc:182) Processed features for key hi2502M0065
VLOG[2] (compute-mfcc-feats[5.5.453~1-6cdc49]:main():compute-mfcc-feats.cc:182) Processed features for key hi2502M0066
VLOG[2] (compute-mfcc-feats[5.5.453~1-6cdc49]:main():compute-mfcc-feats.cc:182) Processed features for key hi2502M0067
VLOG[2] (compute-mfcc-feats[5.5.453~1-6cdc49]:main():compute-mfcc-feats.cc:182) Processed features for key hi2502M0068
VLOG[2] (compute-mfcc-feats[5.5.453~1-6cdc49]:main():compute-mfcc-feats.cc:182) Processed features for key hi2502M0069
VLOG[2] (compute-mfcc-feats[5.5.453~1-6cdc49]:main():compute-mfcc-feats.cc:182) Processed features for key hi2502M0070
LOG (compute-mfcc-feats[5.5.453~1-6cdc49]:main():compute-mfcc-feats.cc:181) Processed 90 utterances
VLOG[2] (compute-mfcc-feats[5.5.453~1-6cdc49]:main():compute-mfcc-feats.cc:182) Processed features for key hi2502M0071
VLOG[2] (compute-mfcc-feats[5.5.453~1-6cdc49]:main():compute-mfcc-feats.cc:182) Processed features for key hi2502M0072
LOG (compute-mfcc-feats[5.5.453~1-6cdc49]:main():compute-mfcc-feats.cc:185)  Done 91 out of 91 utterances.
LOG (copy-feats[5.5.453~1-6cdc49]:main():copy-feats.cc:143) Copied 91 feature matrices.
# Accounting: time=1 threads=1
# Ended (code 0) at Sun Aug 25 14:31:36 IST 2019, elapsed time 1 seconds
