# compute-mfcc-feats --verbose=2 --config=conf/mfcc.conf scp,p:exp_FG/make_mfcc/train/wav_train.5.scp ark:- | copy-feats --compress=true ark:- ark,scp:/home/shaheen/Desktop/kaldi/egs/hindi/Kaldi/mfcc/raw_mfcc_train.5.ark,/home/shaheen/Desktop/kaldi/egs/hindi/Kaldi/mfcc/raw_mfcc_train.5.scp 
# Started at Sun Aug 25 14:31:35 IST 2019
#
compute-mfcc-feats --verbose=2 --config=conf/mfcc.conf scp,p:exp_FG/make_mfcc/train/wav_train.5.scp ark:- 
copy-feats --compress=true ark:- ark,scp:/home/shaheen/Desktop/kaldi/egs/hindi/Kaldi/mfcc/raw_mfcc_train.5.ark,/home/shaheen/Desktop/kaldi/egs/hindi/Kaldi/mfcc/raw_mfcc_train.5.scp 
VLOG[2] (compute-mfcc-feats[5.5.453~1-6cdc49]:main():compute-mfcc-feats.cc:182) Processed features for key hi2503M0125
VLOG[2] (compute-mfcc-feats[5.5.453~1-6cdc49]:main():compute-mfcc-feats.cc:182) Processed features for key hi2503M0126
VLOG[2] (compute-mfcc-feats[5.5.453~1-6cdc49]:main():compute-mfcc-feats.cc:182) Processed features for key hi2503M0127
VLOG[2] (compute-mfcc-feats[5.5.453~1-6cdc49]:main():compute-mfcc-feats.cc:182) Processed features for key hi2503M0128
VLOG[2] (compute-mfcc-feats[5.5.453~1-6cdc49]:main():compute-mfcc-feats.cc:182) Processed features for key hi2503M0129
VLOG[2] (compute-mfcc-feats[5.5.453~1-6cdc49]:main():compute-mfcc-feats.cc:182) Processed features for key hi2503M0130
VLOG[2] (compute-mfcc-feats[5.5.453~1-6cdc49]:main():compute-mfcc-feats.cc:182) Processed features for key hi2503M0131
VLOG[2] (compute-mfcc-feats[5.5.453~1-6cdc49]:main():compute-mfcc-feats.cc:182) Processed features for key hi2503M0132
VLOG[2] (compute-mfcc-feats[5.5.453~1-6cdc49]:main():compute-mfcc-feats.cc:182) Processed features for key hi2503M0133
LOG (compute-mfcc-feats[5.5.453~1-6cdc49]:main():compute-mfcc-feats.cc:181) Processed 10 utterances
VLOG[2] (compute-mfcc-feats[5.5.453~1-6cdc49]:main():compute-mfcc-feats.cc:182) Processed features for key hi2503M0134
VLOG[2] (compute-mfcc-feats[5.5.453~1-6cdc49]:main():compute-mfcc-feats.cc:182) Processed features for key hi2503M0135
VLOG[2] (compute-mfcc-feats[5.5.453~1-6cdc49]:main():compute-mfcc-feats.cc:182) Processed features for key hi2503M0136
VLOG[2] (compute-mfcc-feats[5.5.453~1-6cdc49]:main():compute-mfcc-feats.cc:182) Processed features for key hi2503M0137
VLOG[2] (compute-mfcc-feats[5.5.453~1-6cdc49]:main():compute-mfcc-feats.cc:182) Processed features for key hi2503M0138
VLOG[2] (compute-mfcc-feats[5.5.453~1-6cdc49]:main():compute-mfcc-feats.cc:182) Processed features for key hi2503M0139
VLOG[2] (compute-mfcc-feats[5.5.453~1-6cdc49]:main():compute-mfcc-feats.cc:182) Processed features for key hi2503M0140
VLOG[2] (compute-mfcc-feats[5.5.453~1-6cdc49]:main():compute-mfcc-feats.cc:182) Processed features for key hi2503M0141
VLOG[2] (compute-mfcc-feats[5.5.453~1-6cdc49]:main():compute-mfcc-feats.cc:182) Processed features for key hi2503M0142
VLOG[2] (compute-mfcc-feats[5.5.453~1-6cdc49]:main():compute-mfcc-feats.cc:182) Processed features for key hi2503M0143
LOG (compute-mfcc-feats[5.5.453~1-6cdc49]:main():compute-mfcc-feats.cc:181) Processed 20 utterances
VLOG[2] (compute-mfcc-feats[5.5.453~1-6cdc49]:main():compute-mfcc-feats.cc:182) Processed features for key hi2503M0144
VLOG[2] (compute-mfcc-feats[5.5.453~1-6cdc49]:main():compute-mfcc-feats.cc:182) Processed features for key hi2503M0145
VLOG[2] (compute-mfcc-feats[5.5.453~1-6cdc49]:main():compute-mfcc-feats.cc:182) Processed features for key hi2503M0146
VLOG[2] (compute-mfcc-feats[5.5.453~1-6cdc49]:main():compute-mfcc-feats.cc:182) Processed features for key hi2503M0147
VLOG[2] (compute-mfcc-feats[5.5.453~1-6cdc49]:main():compute-mfcc-feats.cc:182) Processed features for key hi2503M0148
VLOG[2] (compute-mfcc-feats[5.5.453~1-6cdc49]:main():compute-mfcc-feats.cc:182) Processed features for key hi2503M0149
VLOG[2] (compute-mfcc-feats[5.5.453~1-6cdc49]:main():compute-mfcc-feats.cc:182) Processed features for key hi2503M0150
VLOG[2] (compute-mfcc-feats[5.5.453~1-6cdc49]:main():compute-mfcc-feats.cc:182) Processed features for key hi2504M0001
VLOG[2] (compute-mfcc-feats[5.5.453~1-6cdc49]:main():compute-mfcc-feats.cc:182) Processed features for key hi2504M0002
VLOG[2] (compute-mfcc-feats[5.5.453~1-6cdc49]:main():compute-mfcc-feats.cc:182) Processed features for key hi2504M0003
LOG (compute-mfcc-feats[5.5.453~1-6cdc49]:main():compute-mfcc-feats.cc:181) Processed 30 utterances
VLOG[2] (compute-mfcc-feats[5.5.453~1-6cdc49]:main():compute-mfcc-feats.cc:182) Processed features for key hi2504M0004
VLOG[2] (compute-mfcc-feats[5.5.453~1-6cdc49]:main():compute-mfcc-feats.cc:182) Processed features for key hi2504M0005
VLOG[2] (compute-mfcc-feats[5.5.453~1-6cdc49]:main():compute-mfcc-feats.cc:182) Processed features for key hi2504M0006
VLOG[2] (compute-mfcc-feats[5.5.453~1-6cdc49]:main():compute-mfcc-feats.cc:182) Processed features for key hi2504M0007
VLOG[2] (compute-mfcc-feats[5.5.453~1-6cdc49]:main():compute-mfcc-feats.cc:182) Processed features for key hi2504M0008
VLOG[2] (compute-mfcc-feats[5.5.453~1-6cdc49]:main():compute-mfcc-feats.cc:182) Processed features for key hi2504M0009
VLOG[2] (compute-mfcc-feats[5.5.453~1-6cdc49]:main():compute-mfcc-feats.cc:182) Processed features for key hi2504M0010
VLOG[2] (compute-mfcc-feats[5.5.453~1-6cdc49]:main():compute-mfcc-feats.cc:182) Processed features for key hi2504M0011
VLOG[2] (compute-mfcc-feats[5.5.453~1-6cdc49]:main():compute-mfcc-feats.cc:182) Processed features for key hi2504M0012
VLOG[2] (compute-mfcc-feats[5.5.453~1-6cdc49]:main():compute-mfcc-feats.cc:182) Processed features for key hi2504M0013
LOG (compute-mfcc-feats[5.5.453~1-6cdc49]:main():compute-mfcc-feats.cc:181) Processed 40 utterances
VLOG[2] (compute-mfcc-feats[5.5.453~1-6cdc49]:main():compute-mfcc-feats.cc:182) Processed features for key hi2504M0014
VLOG[2] (compute-mfcc-feats[5.5.453~1-6cdc49]:main():compute-mfcc-feats.cc:182) Processed features for key hi2504M0015
VLOG[2] (compute-mfcc-feats[5.5.453~1-6cdc49]:main():compute-mfcc-feats.cc:182) Processed features for key hi2504M0016
VLOG[2] (compute-mfcc-feats[5.5.453~1-6cdc49]:main():compute-mfcc-feats.cc:182) Processed features for key hi2504M0017
VLOG[2] (compute-mfcc-feats[5.5.453~1-6cdc49]:main():compute-mfcc-feats.cc:182) Processed features for key hi2504M0018
VLOG[2] (compute-mfcc-feats[5.5.453~1-6cdc49]:main():compute-mfcc-feats.cc:182) Processed features for key hi2504M0019
VLOG[2] (compute-mfcc-feats[5.5.453~1-6cdc49]:main():compute-mfcc-feats.cc:182) Processed features for key hi2504M0020
VLOG[2] (compute-mfcc-feats[5.5.453~1-6cdc49]:main():compute-mfcc-feats.cc:182) Processed features for key hi2504M0021
VLOG[2] (compute-mfcc-feats[5.5.453~1-6cdc49]:main():compute-mfcc-feats.cc:182) Processed features for key hi2504M0022
VLOG[2] (compute-mfcc-feats[5.5.453~1-6cdc49]:main():compute-mfcc-feats.cc:182) Processed features for key hi2504M0023
LOG (compute-mfcc-feats[5.5.453~1-6cdc49]:main():compute-mfcc-feats.cc:181) Processed 50 utterances
VLOG[2] (compute-mfcc-feats[5.5.453~1-6cdc49]:main():compute-mfcc-feats.cc:182) Processed features for key hi2504M0024
VLOG[2] (compute-mfcc-feats[5.5.453~1-6cdc49]:main():compute-mfcc-feats.cc:182) Processed features for key hi2504M0025
VLOG[2] (compute-mfcc-feats[5.5.453~1-6cdc49]:main():compute-mfcc-feats.cc:182) Processed features for key hi2504M0026
VLOG[2] (compute-mfcc-feats[5.5.453~1-6cdc49]:main():compute-mfcc-feats.cc:182) Processed features for key hi2504M0027
VLOG[2] (compute-mfcc-feats[5.5.453~1-6cdc49]:main():compute-mfcc-feats.cc:182) Processed features for key hi2504M0028
VLOG[2] (compute-mfcc-feats[5.5.453~1-6cdc49]:main():compute-mfcc-feats.cc:182) Processed features for key hi2504M0029
VLOG[2] (compute-mfcc-feats[5.5.453~1-6cdc49]:main():compute-mfcc-feats.cc:182) Processed features for key hi2504M0030
VLOG[2] (compute-mfcc-feats[5.5.453~1-6cdc49]:main():compute-mfcc-feats.cc:182) Processed features for key hi2504M0031
VLOG[2] (compute-mfcc-feats[5.5.453~1-6cdc49]:main():compute-mfcc-feats.cc:182) Processed features for key hi2504M0032
VLOG[2] (compute-mfcc-feats[5.5.453~1-6cdc49]:main():compute-mfcc-feats.cc:182) Processed features for key hi2504M0033
LOG (compute-mfcc-feats[5.5.453~1-6cdc49]:main():compute-mfcc-feats.cc:181) Processed 60 utterances
VLOG[2] (compute-mfcc-feats[5.5.453~1-6cdc49]:main():compute-mfcc-feats.cc:182) Processed features for key hi2504M0034
VLOG[2] (compute-mfcc-feats[5.5.453~1-6cdc49]:main():compute-mfcc-feats.cc:182) Processed features for key hi2504M0035
VLOG[2] (compute-mfcc-feats[5.5.453~1-6cdc49]:main():compute-mfcc-feats.cc:182) Processed features for key hi2504M0036
VLOG[2] (compute-mfcc-feats[5.5.453~1-6cdc49]:main():compute-mfcc-feats.cc:182) Processed features for key hi2504M0037
VLOG[2] (compute-mfcc-feats[5.5.453~1-6cdc49]:main():compute-mfcc-feats.cc:182) Processed features for key hi2504M0038
VLOG[2] (compute-mfcc-feats[5.5.453~1-6cdc49]:main():compute-mfcc-feats.cc:182) Processed features for key hi2504M0039
VLOG[2] (compute-mfcc-feats[5.5.453~1-6cdc49]:main():compute-mfcc-feats.cc:182) Processed features for key hi2504M0040
VLOG[2] (compute-mfcc-feats[5.5.453~1-6cdc49]:main():compute-mfcc-feats.cc:182) Processed features for key hi2504M0041
VLOG[2] (compute-mfcc-feats[5.5.453~1-6cdc49]:main():compute-mfcc-feats.cc:182) Processed features for key hi2504M0042
VLOG[2] (compute-mfcc-feats[5.5.453~1-6cdc49]:main():compute-mfcc-feats.cc:182) Processed features for key hi2504M0043
LOG (compute-mfcc-feats[5.5.453~1-6cdc49]:main():compute-mfcc-feats.cc:181) Processed 70 utterances
VLOG[2] (compute-mfcc-feats[5.5.453~1-6cdc49]:main():compute-mfcc-feats.cc:182) Processed features for key hi2504M0044
VLOG[2] (compute-mfcc-feats[5.5.453~1-6cdc49]:main():compute-mfcc-feats.cc:182) Processed features for key hi2504M0045
VLOG[2] (compute-mfcc-feats[5.5.453~1-6cdc49]:main():compute-mfcc-feats.cc:182) Processed features for key hi2504M0046
VLOG[2] (compute-mfcc-feats[5.5.453~1-6cdc49]:main():compute-mfcc-feats.cc:182) Processed features for key hi2504M0047
VLOG[2] (compute-mfcc-feats[5.5.453~1-6cdc49]:main():compute-mfcc-feats.cc:182) Processed features for key hi2504M0048
VLOG[2] (compute-mfcc-feats[5.5.453~1-6cdc49]:main():compute-mfcc-feats.cc:182) Processed features for key hi2504M0049
VLOG[2] (compute-mfcc-feats[5.5.453~1-6cdc49]:main():compute-mfcc-feats.cc:182) Processed features for key hi2504M0050
VLOG[2] (compute-mfcc-feats[5.5.453~1-6cdc49]:main():compute-mfcc-feats.cc:182) Processed features for key hi2504M0051
VLOG[2] (compute-mfcc-feats[5.5.453~1-6cdc49]:main():compute-mfcc-feats.cc:182) Processed features for key hi2504M0052
VLOG[2] (compute-mfcc-feats[5.5.453~1-6cdc49]:main():compute-mfcc-feats.cc:182) Processed features for key hi2504M0053
LOG (compute-mfcc-feats[5.5.453~1-6cdc49]:main():compute-mfcc-feats.cc:181) Processed 80 utterances
VLOG[2] (compute-mfcc-feats[5.5.453~1-6cdc49]:main():compute-mfcc-feats.cc:182) Processed features for key hi2504M0054
VLOG[2] (compute-mfcc-feats[5.5.453~1-6cdc49]:main():compute-mfcc-feats.cc:182) Processed features for key hi2504M0055
VLOG[2] (compute-mfcc-feats[5.5.453~1-6cdc49]:main():compute-mfcc-feats.cc:182) Processed features for key hi2504M0056
VLOG[2] (compute-mfcc-feats[5.5.453~1-6cdc49]:main():compute-mfcc-feats.cc:182) Processed features for key hi2504M0057
VLOG[2] (compute-mfcc-feats[5.5.453~1-6cdc49]:main():compute-mfcc-feats.cc:182) Processed features for key hi2504M0058
VLOG[2] (compute-mfcc-feats[5.5.453~1-6cdc49]:main():compute-mfcc-feats.cc:182) Processed features for key hi2504M0059
VLOG[2] (compute-mfcc-feats[5.5.453~1-6cdc49]:main():compute-mfcc-feats.cc:182) Processed features for key hi2504M0060
VLOG[2] (compute-mfcc-feats[5.5.453~1-6cdc49]:main():compute-mfcc-feats.cc:182) Processed features for key hi2504M0081
VLOG[2] (compute-mfcc-feats[5.5.453~1-6cdc49]:main():compute-mfcc-feats.cc:182) Processed features for key hi2504M0082
VLOG[2] (compute-mfcc-feats[5.5.453~1-6cdc49]:main():compute-mfcc-feats.cc:182) Processed features for key hi2504M0083
LOG (compute-mfcc-feats[5.5.453~1-6cdc49]:main():compute-mfcc-feats.cc:181) Processed 90 utterances
VLOG[2] (compute-mfcc-feats[5.5.453~1-6cdc49]:main():compute-mfcc-feats.cc:182) Processed features for key hi2504M0084
VLOG[2] (compute-mfcc-feats[5.5.453~1-6cdc49]:main():compute-mfcc-feats.cc:182) Processed features for key hi2504M0085
LOG (compute-mfcc-feats[5.5.453~1-6cdc49]:main():compute-mfcc-feats.cc:185)  Done 91 out of 91 utterances.
LOG (copy-feats[5.5.453~1-6cdc49]:main():copy-feats.cc:143) Copied 91 feature matrices.
# Accounting: time=2 threads=1
# Ended (code 0) at Sun Aug 25 14:31:37 IST 2019, elapsed time 2 seconds
