# compute-mfcc-feats --verbose=2 --config=conf/mfcc.conf scp,p:exp_FG/make_mfcc/train/wav_train.4.scp ark:- | copy-feats --compress=true ark:- ark,scp:/home/shaheen/Desktop/kaldi/egs/hindi/Kaldi/mfcc/raw_mfcc_train.4.ark,/home/shaheen/Desktop/kaldi/egs/hindi/Kaldi/mfcc/raw_mfcc_train.4.scp 
# Started at Sun Aug 25 14:31:35 IST 2019
#
copy-feats --compress=true ark:- ark,scp:/home/shaheen/Desktop/kaldi/egs/hindi/Kaldi/mfcc/raw_mfcc_train.4.ark,/home/shaheen/Desktop/kaldi/egs/hindi/Kaldi/mfcc/raw_mfcc_train.4.scp 
compute-mfcc-feats --verbose=2 --config=conf/mfcc.conf scp,p:exp_FG/make_mfcc/train/wav_train.4.scp ark:- 
VLOG[2] (compute-mfcc-feats[5.5.453~1-6cdc49]:main():compute-mfcc-feats.cc:182) Processed features for key hi2503M0014
VLOG[2] (compute-mfcc-feats[5.5.453~1-6cdc49]:main():compute-mfcc-feats.cc:182) Processed features for key hi2503M0015
VLOG[2] (compute-mfcc-feats[5.5.453~1-6cdc49]:main():compute-mfcc-feats.cc:182) Processed features for key hi2503M0016
VLOG[2] (compute-mfcc-feats[5.5.453~1-6cdc49]:main():compute-mfcc-feats.cc:182) Processed features for key hi2503M0017
VLOG[2] (compute-mfcc-feats[5.5.453~1-6cdc49]:main():compute-mfcc-feats.cc:182) Processed features for key hi2503M0018
VLOG[2] (compute-mfcc-feats[5.5.453~1-6cdc49]:main():compute-mfcc-feats.cc:182) Processed features for key hi2503M0019
VLOG[2] (compute-mfcc-feats[5.5.453~1-6cdc49]:main():compute-mfcc-feats.cc:182) Processed features for key hi2503M0020
VLOG[2] (compute-mfcc-feats[5.5.453~1-6cdc49]:main():compute-mfcc-feats.cc:182) Processed features for key hi2503M0021
VLOG[2] (compute-mfcc-feats[5.5.453~1-6cdc49]:main():compute-mfcc-feats.cc:182) Processed features for key hi2503M0022
LOG (compute-mfcc-feats[5.5.453~1-6cdc49]:main():compute-mfcc-feats.cc:181) Processed 10 utterances
VLOG[2] (compute-mfcc-feats[5.5.453~1-6cdc49]:main():compute-mfcc-feats.cc:182) Processed features for key hi2503M0023
VLOG[2] (compute-mfcc-feats[5.5.453~1-6cdc49]:main():compute-mfcc-feats.cc:182) Processed features for key hi2503M0024
VLOG[2] (compute-mfcc-feats[5.5.453~1-6cdc49]:main():compute-mfcc-feats.cc:182) Processed features for key hi2503M0025
VLOG[2] (compute-mfcc-feats[5.5.453~1-6cdc49]:main():compute-mfcc-feats.cc:182) Processed features for key hi2503M0026
VLOG[2] (compute-mfcc-feats[5.5.453~1-6cdc49]:main():compute-mfcc-feats.cc:182) Processed features for key hi2503M0027
VLOG[2] (compute-mfcc-feats[5.5.453~1-6cdc49]:main():compute-mfcc-feats.cc:182) Processed features for key hi2503M0028
VLOG[2] (compute-mfcc-feats[5.5.453~1-6cdc49]:main():compute-mfcc-feats.cc:182) Processed features for key hi2503M0029
VLOG[2] (compute-mfcc-feats[5.5.453~1-6cdc49]:main():compute-mfcc-feats.cc:182) Processed features for key hi2503M0030
VLOG[2] (compute-mfcc-feats[5.5.453~1-6cdc49]:main():compute-mfcc-feats.cc:182) Processed features for key hi2503M0031
VLOG[2] (compute-mfcc-feats[5.5.453~1-6cdc49]:main():compute-mfcc-feats.cc:182) Processed features for key hi2503M0032
LOG (compute-mfcc-feats[5.5.453~1-6cdc49]:main():compute-mfcc-feats.cc:181) Processed 20 utterances
VLOG[2] (compute-mfcc-feats[5.5.453~1-6cdc49]:main():compute-mfcc-feats.cc:182) Processed features for key hi2503M0033
VLOG[2] (compute-mfcc-feats[5.5.453~1-6cdc49]:main():compute-mfcc-feats.cc:182) Processed features for key hi2503M0034
VLOG[2] (compute-mfcc-feats[5.5.453~1-6cdc49]:main():compute-mfcc-feats.cc:182) Processed features for key hi2503M0035
VLOG[2] (compute-mfcc-feats[5.5.453~1-6cdc49]:main():compute-mfcc-feats.cc:182) Processed features for key hi2503M0036
VLOG[2] (compute-mfcc-feats[5.5.453~1-6cdc49]:main():compute-mfcc-feats.cc:182) Processed features for key hi2503M0037
VLOG[2] (compute-mfcc-feats[5.5.453~1-6cdc49]:main():compute-mfcc-feats.cc:182) Processed features for key hi2503M0038
VLOG[2] (compute-mfcc-feats[5.5.453~1-6cdc49]:main():compute-mfcc-feats.cc:182) Processed features for key hi2503M0039
VLOG[2] (compute-mfcc-feats[5.5.453~1-6cdc49]:main():compute-mfcc-feats.cc:182) Processed features for key hi2503M0040
VLOG[2] (compute-mfcc-feats[5.5.453~1-6cdc49]:main():compute-mfcc-feats.cc:182) Processed features for key hi2503M0061
VLOG[2] (compute-mfcc-feats[5.5.453~1-6cdc49]:main():compute-mfcc-feats.cc:182) Processed features for key hi2503M0062
LOG (compute-mfcc-feats[5.5.453~1-6cdc49]:main():compute-mfcc-feats.cc:181) Processed 30 utterances
VLOG[2] (compute-mfcc-feats[5.5.453~1-6cdc49]:main():compute-mfcc-feats.cc:182) Processed features for key hi2503M0063
VLOG[2] (compute-mfcc-feats[5.5.453~1-6cdc49]:main():compute-mfcc-feats.cc:182) Processed features for key hi2503M0064
VLOG[2] (compute-mfcc-feats[5.5.453~1-6cdc49]:main():compute-mfcc-feats.cc:182) Processed features for key hi2503M0065
VLOG[2] (compute-mfcc-feats[5.5.453~1-6cdc49]:main():compute-mfcc-feats.cc:182) Processed features for key hi2503M0066
VLOG[2] (compute-mfcc-feats[5.5.453~1-6cdc49]:main():compute-mfcc-feats.cc:182) Processed features for key hi2503M0067
VLOG[2] (compute-mfcc-feats[5.5.453~1-6cdc49]:main():compute-mfcc-feats.cc:182) Processed features for key hi2503M0068
VLOG[2] (compute-mfcc-feats[5.5.453~1-6cdc49]:main():compute-mfcc-feats.cc:182) Processed features for key hi2503M0069
VLOG[2] (compute-mfcc-feats[5.5.453~1-6cdc49]:main():compute-mfcc-feats.cc:182) Processed features for key hi2503M0070
VLOG[2] (compute-mfcc-feats[5.5.453~1-6cdc49]:main():compute-mfcc-feats.cc:182) Processed features for key hi2503M0071
VLOG[2] (compute-mfcc-feats[5.5.453~1-6cdc49]:main():compute-mfcc-feats.cc:182) Processed features for key hi2503M0072
LOG (compute-mfcc-feats[5.5.453~1-6cdc49]:main():compute-mfcc-feats.cc:181) Processed 40 utterances
VLOG[2] (compute-mfcc-feats[5.5.453~1-6cdc49]:main():compute-mfcc-feats.cc:182) Processed features for key hi2503M0073
VLOG[2] (compute-mfcc-feats[5.5.453~1-6cdc49]:main():compute-mfcc-feats.cc:182) Processed features for key hi2503M0074
VLOG[2] (compute-mfcc-feats[5.5.453~1-6cdc49]:main():compute-mfcc-feats.cc:182) Processed features for key hi2503M0075
VLOG[2] (compute-mfcc-feats[5.5.453~1-6cdc49]:main():compute-mfcc-feats.cc:182) Processed features for key hi2503M0076
VLOG[2] (compute-mfcc-feats[5.5.453~1-6cdc49]:main():compute-mfcc-feats.cc:182) Processed features for key hi2503M0077
VLOG[2] (compute-mfcc-feats[5.5.453~1-6cdc49]:main():compute-mfcc-feats.cc:182) Processed features for key hi2503M0078
VLOG[2] (compute-mfcc-feats[5.5.453~1-6cdc49]:main():compute-mfcc-feats.cc:182) Processed features for key hi2503M0079
VLOG[2] (compute-mfcc-feats[5.5.453~1-6cdc49]:main():compute-mfcc-feats.cc:182) Processed features for key hi2503M0080
VLOG[2] (compute-mfcc-feats[5.5.453~1-6cdc49]:main():compute-mfcc-feats.cc:182) Processed features for key hi2503M0081
VLOG[2] (compute-mfcc-feats[5.5.453~1-6cdc49]:main():compute-mfcc-feats.cc:182) Processed features for key hi2503M0082
LOG (compute-mfcc-feats[5.5.453~1-6cdc49]:main():compute-mfcc-feats.cc:181) Processed 50 utterances
VLOG[2] (compute-mfcc-feats[5.5.453~1-6cdc49]:main():compute-mfcc-feats.cc:182) Processed features for key hi2503M0083
VLOG[2] (compute-mfcc-feats[5.5.453~1-6cdc49]:main():compute-mfcc-feats.cc:182) Processed features for key hi2503M0084
VLOG[2] (compute-mfcc-feats[5.5.453~1-6cdc49]:main():compute-mfcc-feats.cc:182) Processed features for key hi2503M0085
VLOG[2] (compute-mfcc-feats[5.5.453~1-6cdc49]:main():compute-mfcc-feats.cc:182) Processed features for key hi2503M0086
VLOG[2] (compute-mfcc-feats[5.5.453~1-6cdc49]:main():compute-mfcc-feats.cc:182) Processed features for key hi2503M0087
VLOG[2] (compute-mfcc-feats[5.5.453~1-6cdc49]:main():compute-mfcc-feats.cc:182) Processed features for key hi2503M0088
VLOG[2] (compute-mfcc-feats[5.5.453~1-6cdc49]:main():compute-mfcc-feats.cc:182) Processed features for key hi2503M0089
VLOG[2] (compute-mfcc-feats[5.5.453~1-6cdc49]:main():compute-mfcc-feats.cc:182) Processed features for key hi2503M0090
VLOG[2] (compute-mfcc-feats[5.5.453~1-6cdc49]:main():compute-mfcc-feats.cc:182) Processed features for key hi2503M0091
VLOG[2] (compute-mfcc-feats[5.5.453~1-6cdc49]:main():compute-mfcc-feats.cc:182) Processed features for key hi2503M0092
LOG (compute-mfcc-feats[5.5.453~1-6cdc49]:main():compute-mfcc-feats.cc:181) Processed 60 utterances
VLOG[2] (compute-mfcc-feats[5.5.453~1-6cdc49]:main():compute-mfcc-feats.cc:182) Processed features for key hi2503M0093
VLOG[2] (compute-mfcc-feats[5.5.453~1-6cdc49]:main():compute-mfcc-feats.cc:182) Processed features for key hi2503M0094
VLOG[2] (compute-mfcc-feats[5.5.453~1-6cdc49]:main():compute-mfcc-feats.cc:182) Processed features for key hi2503M0095
VLOG[2] (compute-mfcc-feats[5.5.453~1-6cdc49]:main():compute-mfcc-feats.cc:182) Processed features for key hi2503M0096
VLOG[2] (compute-mfcc-feats[5.5.453~1-6cdc49]:main():compute-mfcc-feats.cc:182) Processed features for key hi2503M0097
VLOG[2] (compute-mfcc-feats[5.5.453~1-6cdc49]:main():compute-mfcc-feats.cc:182) Processed features for key hi2503M0098
VLOG[2] (compute-mfcc-feats[5.5.453~1-6cdc49]:main():compute-mfcc-feats.cc:182) Processed features for key hi2503M0099
VLOG[2] (compute-mfcc-feats[5.5.453~1-6cdc49]:main():compute-mfcc-feats.cc:182) Processed features for key hi2503M0100
VLOG[2] (compute-mfcc-feats[5.5.453~1-6cdc49]:main():compute-mfcc-feats.cc:182) Processed features for key hi2503M0101
VLOG[2] (compute-mfcc-feats[5.5.453~1-6cdc49]:main():compute-mfcc-feats.cc:182) Processed features for key hi2503M0102
LOG (compute-mfcc-feats[5.5.453~1-6cdc49]:main():compute-mfcc-feats.cc:181) Processed 70 utterances
VLOG[2] (compute-mfcc-feats[5.5.453~1-6cdc49]:main():compute-mfcc-feats.cc:182) Processed features for key hi2503M0103
VLOG[2] (compute-mfcc-feats[5.5.453~1-6cdc49]:main():compute-mfcc-feats.cc:182) Processed features for key hi2503M0104
VLOG[2] (compute-mfcc-feats[5.5.453~1-6cdc49]:main():compute-mfcc-feats.cc:182) Processed features for key hi2503M0105
VLOG[2] (compute-mfcc-feats[5.5.453~1-6cdc49]:main():compute-mfcc-feats.cc:182) Processed features for key hi2503M0106
VLOG[2] (compute-mfcc-feats[5.5.453~1-6cdc49]:main():compute-mfcc-feats.cc:182) Processed features for key hi2503M0107
VLOG[2] (compute-mfcc-feats[5.5.453~1-6cdc49]:main():compute-mfcc-feats.cc:182) Processed features for key hi2503M0108
VLOG[2] (compute-mfcc-feats[5.5.453~1-6cdc49]:main():compute-mfcc-feats.cc:182) Processed features for key hi2503M0109
VLOG[2] (compute-mfcc-feats[5.5.453~1-6cdc49]:main():compute-mfcc-feats.cc:182) Processed features for key hi2503M0110
VLOG[2] (compute-mfcc-feats[5.5.453~1-6cdc49]:main():compute-mfcc-feats.cc:182) Processed features for key hi2503M0111
VLOG[2] (compute-mfcc-feats[5.5.453~1-6cdc49]:main():compute-mfcc-feats.cc:182) Processed features for key hi2503M0112
LOG (compute-mfcc-feats[5.5.453~1-6cdc49]:main():compute-mfcc-feats.cc:181) Processed 80 utterances
VLOG[2] (compute-mfcc-feats[5.5.453~1-6cdc49]:main():compute-mfcc-feats.cc:182) Processed features for key hi2503M0113
VLOG[2] (compute-mfcc-feats[5.5.453~1-6cdc49]:main():compute-mfcc-feats.cc:182) Processed features for key hi2503M0114
VLOG[2] (compute-mfcc-feats[5.5.453~1-6cdc49]:main():compute-mfcc-feats.cc:182) Processed features for key hi2503M0115
VLOG[2] (compute-mfcc-feats[5.5.453~1-6cdc49]:main():compute-mfcc-feats.cc:182) Processed features for key hi2503M0116
VLOG[2] (compute-mfcc-feats[5.5.453~1-6cdc49]:main():compute-mfcc-feats.cc:182) Processed features for key hi2503M0117
VLOG[2] (compute-mfcc-feats[5.5.453~1-6cdc49]:main():compute-mfcc-feats.cc:182) Processed features for key hi2503M0118
VLOG[2] (compute-mfcc-feats[5.5.453~1-6cdc49]:main():compute-mfcc-feats.cc:182) Processed features for key hi2503M0119
VLOG[2] (compute-mfcc-feats[5.5.453~1-6cdc49]:main():compute-mfcc-feats.cc:182) Processed features for key hi2503M0120
VLOG[2] (compute-mfcc-feats[5.5.453~1-6cdc49]:main():compute-mfcc-feats.cc:182) Processed features for key hi2503M0121
VLOG[2] (compute-mfcc-feats[5.5.453~1-6cdc49]:main():compute-mfcc-feats.cc:182) Processed features for key hi2503M0122
LOG (compute-mfcc-feats[5.5.453~1-6cdc49]:main():compute-mfcc-feats.cc:181) Processed 90 utterances
VLOG[2] (compute-mfcc-feats[5.5.453~1-6cdc49]:main():compute-mfcc-feats.cc:182) Processed features for key hi2503M0123
VLOG[2] (compute-mfcc-feats[5.5.453~1-6cdc49]:main():compute-mfcc-feats.cc:182) Processed features for key hi2503M0124
LOG (compute-mfcc-feats[5.5.453~1-6cdc49]:main():compute-mfcc-feats.cc:185)  Done 91 out of 91 utterances.
LOG (copy-feats[5.5.453~1-6cdc49]:main():copy-feats.cc:143) Copied 91 feature matrices.
# Accounting: time=1 threads=1
# Ended (code 0) at Sun Aug 25 14:31:36 IST 2019, elapsed time 1 seconds
